#
# A fatal error has been detected by the Java Runtime Environment:
#
#  Internal Error (javaClasses.cpp:136), pid=8796, tid=7548
#  fatal error: Invalid layout of preloaded class
#
# JRE version:  (7.0_40-b43) (build )
# Java VM: Java HotSpot(TM) 64-Bit Server VM (24.0-b56 mixed mode windows-amd64 compressed oops)
# Failed to write core dump. Minidumps are not enabled by default on client versions of Windows
#
# If you would like to submit a bug report, please visit:
#   http://bugreport.sun.com/bugreport/crash.jsp
#

---------------  T H R E A D  ---------------

Current thread (0x0000000002192800):  JavaThread "Unknown thread" [_thread_in_vm, id=7548, stack(0x0000000001fb0000,0x00000000020b0000)]

Stack: [0x0000000001fb0000,0x00000000020b0000]

---------------  P R O C E S S  ---------------

Java Threads: ( => current thread )

Other Threads:

=>0x0000000002192800 (exited) JavaThread "Unknown thread" [_thread_in_vm, id=7548, stack(0x0000000001fb0000,0x00000000020b0000)]

VM state:not at safepoint (not fully initialized)

VM Mutex/Monitor currently owned by a thread: None

GC Heap History (0 events):
No events

Deoptimization events (0 events):
No events

Internal exceptions (0 events):
No events

Events (10 events):
Event: 0.036 loading class 0x00000000021d5890 done
Event: 0.037 loading class 0x00000000021d52b0 done
Event: 0.037 loading class 0x00000000021d5290
Event: 0.038 loading class 0x00000000021dd390
Event: 0.038 loading class 0x00000000021dd390 done
Event: 0.038 loading class 0x00000000021dd3c0
Event: 0.038 loading class 0x00000000021dd3c0 done
Event: 0.038 loading class 0x00000000021dd3f0
Event: 0.038 loading class 0x00000000021dd3f0 done
Event: 0.039 loading class 0x00000000021d5290 done


Dynamic libraries:
0x000007f71d660000 - 0x000007f71d693000 	D:\Program Files\Java\jre7\bin\javaw.exe
0x000007fba2480000 - 0x000007fba263e000 	C:\Windows\SYSTEM32\ntdll.dll
0x000007fba1d40000 - 0x000007fba1e76000 	C:\Windows\system32\KERNEL32.DLL
0x000007fb9f4c0000 - 0x000007fb9f5b3000 	C:\Windows\system32\KERNELBASE.dll
0x000007fba1e80000 - 0x000007fba1f5e000 	C:\Windows\system32\ADVAPI32.dll
0x000007fba2330000 - 0x000007fba247c000 	C:\Windows\system32\USER32.dll
0x000007fb9d2b0000 - 0x000007fb9d519000 	C:\Windows\WinSxS\amd64_microsoft.windows.common-controls_6595b64144ccf1df_6.0.9200.16384_none_418c2a697189c07f\COMCTL32.dll
0x000007fba1fb0000 - 0x000007fba2055000 	C:\Windows\system32\msvcrt.dll
0x000007fba16a0000 - 0x000007fba16e8000 	C:\Windows\SYSTEM32\sechost.dll
0x000007fba21e0000 - 0x000007fba2325000 	C:\Windows\system32\RPCRT4.dll
0x000007fba1bf0000 - 0x000007fba1d31000 	C:\Windows\system32\GDI32.dll
0x000007fba1f60000 - 0x000007fba1f99000 	C:\Windows\system32\IMM32.DLL
0x000007fb9f8d0000 - 0x000007fb9f9e5000 	C:\Windows\system32\MSCTF.dll
0x000007fb9f370000 - 0x000007fb9f378000 	C:\PROGRA~2\NVIDIA~2\3DVISI~1\NVSTIN~1.DLL
0x000007fba1680000 - 0x000007fba1687000 	C:\Windows\system32\PSAPI.DLL
0x00000000615d0000 - 0x0000000061673000 	C:\Windows\WinSxS\amd64_microsoft.vc90.crt_1fc8b3b9a1e18e3b_9.0.30729.6871_none_08e717a5a83adddf\MSVCR90.dll
0x000000005fd50000 - 0x000000005fe21000 	D:\Program Files\Java\jre7\bin\msvcr100.dll
0x000000005f1c0000 - 0x000000005f989000 	D:\Program Files\Java\jre7\bin\server\jvm.dll
0x000007fb8e730000 - 0x000007fb8e739000 	C:\Windows\SYSTEM32\WSOCK32.dll
0x000007fb99ab0000 - 0x000007fb99ad0000 	C:\Windows\SYSTEM32\WINMM.dll
0x000007fba16f0000 - 0x000007fba1748000 	C:\Windows\system32\WS2_32.dll
0x000007fb99a70000 - 0x000007fb99aa3000 	C:\Windows\SYSTEM32\WINMMBASE.dll
0x000007fba1690000 - 0x000007fba1699000 	C:\Windows\system32\NSI.dll
0x000007fb9f880000 - 0x000007fb9f8cf000 	C:\Windows\SYSTEM32\cfgmgr32.dll
0x000007fb9f850000 - 0x000007fb9f872000 	C:\Windows\system32\DEVOBJ.dll
0x000000005fd40000 - 0x000000005fd4f000 	D:\Program Files\Java\jre7\bin\verify.dll
0x000000005fd10000 - 0x000000005fd38000 	D:\Program Files\Java\jre7\bin\java.dll
0x000000005fcf0000 - 0x000000005fd05000 	D:\Program Files\Java\jre7\bin\zip.dll

VM Arguments:
jvm_args: -Dfile.encoding=UTF-8 -Xbootclasspath/p:D:\android-sdk\sdk\platforms\android-18\android.jar 
java_command: com.young.business.TestBusiness
Launcher Type: SUN_STANDARD

Environment Variables:
JAVA_HOME=D:\Program Files\Java\jdk1.7.0_40
PATH=C:\Program Files (x86)\Common Files\NetSarang;C:\Program Files (x86)\NVIDIA Corporation\PhysX\Common;C:\Windows\system32;C:\Windows;C:\Windows\System32\Wbem;C:\Windows\System32\WindowsPowerShell\v1.0\;D:\Program Files (x86)\phpStudy\MySQL\bin;D:\Program Files\TortoiseSVN\bin;D:\Program Files\Java\jdk1.7.0_40\bin;D:\Program Files\Java\jdk1.7.0_40\bin;C:\Program Files (x86)\Common Files\NetSarang;C:\Program Files (x86)\NVIDIA Corporation\PhysX\Common;C:\Windows\system32;C:\Windows;C:\Windows\System32\Wbem;C:\Windows\System32\WindowsPowerShell\v1.0\;D:\Program Files (x86)\phpStudy\MySQL\bin;D:\Program Files\TortoiseSVN\bin;D:\Program Files\Java\jdk1.7.0_40\bin;D:\Program Files\Java\jdk1.7.0_40\bin;C:\Program Files (x86)\Common Files\NetSarang;C:\Program Files (x86)\NVIDIA Corporation\PhysX\Common;C:\Windows\system32;C:\Windows;C:\Windows\System32\Wbem;C:\Windows\System32\WindowsPowerShell\v1.0\;D:\Program Files (x86)\phpStudy\MySQL\bin;D:\Program Files\TortoiseSVN\bin;D:\Program Files\Java\jdk1.7.0_40\bin;D:\Program Files\Java\jdk1.7.0_40\bin;C:\Windows\System32;D:\Program Files\TortoiseSVN\bin;D:\Program Files (x86)\Subversion\bin;G:\JavaPlugins\apache-maven-3.1.1-bin\apache-maven-3.1.1\bin;D:\MongoDB;D:\android-sdk\sdk\tools;D:\Program Files\TortoiseSVN\bin;D:\Program Files (x86)\Subversion\bin;G:\JavaPlugins\apache-maven-3.1.1-bin\apache-maven-3.1.1\bin;D:\MongoDB;D:\android-sdk\sdk\tools;D:\Program Files\TortoiseSVN\bin;D:\Program Files (x86)\Subversion\bin;G:\JavaPlugins\apache-maven-3.1.1-bin\apache-maven-3.1.1\bin;D:\MongoDB;D:\android-sdk\sdk\tools
USERNAME=–€Œ∞
OS=Windows_NT
PROCESSOR_IDENTIFIER=Intel64 Family 6 Model 37 Stepping 5, GenuineIntel



---------------  S Y S T E M  ---------------

OS: Windows 8 , 64 bit Build 9200 

CPU:total 4 (2 cores per cpu, 2 threads per core) family 6 model 37 stepping 5, cmov, cx8, fxsr, mmx, sse, sse2, sse3, ssse3, sse4.1, sse4.2, popcnt, ht, tsc, tscinvbit

Memory: 4k page, physical 6149996k(2787888k free), swap 6674284k(1446036k free)

vm_info: Java HotSpot(TM) 64-Bit Server VM (24.0-b56) for windows-amd64 JRE (1.7.0_40-b43), built on Aug 26 2013 22:38:32 by "java_re" with unknown MS VC++:1600

time: Mon Nov 04 15:37:26 2013
elapsed time: 0 seconds

