#
# A fatal error has been detected by the Java Runtime Environment:
#
#  Internal Error (javaClasses.cpp:129), pid=5600, tid=4396
#  fatal error: Invalid layout of preloaded class
#
# JRE version: 7.0_15-b03
# Java VM: Java HotSpot(TM) 64-Bit Server VM (23.7-b01 mixed mode windows-amd64 compressed oops)
# Failed to write core dump. Minidumps are not enabled by default on client versions of Windows
#
# If you would like to submit a bug report, please visit:
#   http://bugreport.sun.com/bugreport/crash.jsp
#

---------------  T H R E A D  ---------------

Current thread (0x00000000003ac000):  JavaThread "Unknown thread" [_thread_in_vm, id=4396, stack(0x00000000025a0000,0x00000000026a0000)]

Stack: [0x00000000025a0000,0x00000000026a0000]

---------------  P R O C E S S  ---------------

Java Threads: ( => current thread )

Other Threads:

=>0x00000000003ac000 (exited) JavaThread "Unknown thread" [_thread_in_vm, id=4396, stack(0x00000000025a0000,0x00000000026a0000)]

VM state:not at safepoint (not fully initialized)

VM Mutex/Monitor currently owned by a thread: None

GC Heap History (0 events):
No events

Deoptimization events (0 events):
No events

Internal exceptions (0 events):
No events

Events (10 events):
Event: 0.787 loading class 0x00000000024616c0 done
Event: 0.787 loading class 0x0000000002429bf0 done
Event: 0.787 loading class 0x0000000002429bc0
Event: 0.787 loading class 0x0000000002478080
Event: 0.802 loading class 0x0000000002478080 done
Event: 0.802 loading class 0x00000000024780c0
Event: 0.802 loading class 0x00000000024780c0 done
Event: 0.802 loading class 0x00000000024b4bd0
Event: 0.802 loading class 0x00000000024b4bd0 done
Event: 0.803 loading class 0x0000000002429bc0 done


Dynamic libraries:
0x000000013fe20000 - 0x000000013fe53000 	D:\SoftWeareForCode\jre\bin\javaw.exe
0x00000000771a0000 - 0x0000000077349000 	C:\Windows\SYSTEM32\ntdll.dll
0x0000000076f80000 - 0x000000007709f000 	C:\Windows\system32\kernel32.dll
0x000007fefd1a0000 - 0x000007fefd20b000 	C:\Windows\system32\KERNELBASE.dll
0x000007fefe1a0000 - 0x000007fefe27b000 	C:\Windows\system32\ADVAPI32.dll
0x000007fefd730000 - 0x000007fefd7cf000 	C:\Windows\system32\msvcrt.dll
0x000007fefd3b0000 - 0x000007fefd3cf000 	C:\Windows\SYSTEM32\sechost.dll
0x000007feff240000 - 0x000007feff36d000 	C:\Windows\system32\RPCRT4.dll
0x00000000770a0000 - 0x000000007719a000 	C:\Windows\system32\USER32.dll
0x000007feff440000 - 0x000007feff4a7000 	C:\Windows\system32\GDI32.dll
0x000007fefd5c0000 - 0x000007fefd5ce000 	C:\Windows\system32\LPK.dll
0x000007feff370000 - 0x000007feff439000 	C:\Windows\system32\USP10.dll
0x000007fefb690000 - 0x000007fefb884000 	C:\Windows\WinSxS\amd64_microsoft.windows.common-controls_6595b64144ccf1df_6.0.7601.17514_none_fa396087175ac9ac\COMCTL32.dll
0x000007fefd4e0000 - 0x000007fefd551000 	C:\Windows\system32\SHLWAPI.dll
0x000007fefe170000 - 0x000007fefe19e000 	C:\Windows\system32\IMM32.DLL
0x000007fefd3d0000 - 0x000007fefd4d9000 	C:\Windows\system32\MSCTF.dll
0x0000000072d30000 - 0x0000000072e01000 	D:\SoftWeareForCode\jre\bin\msvcr100.dll
0x000000006f6d0000 - 0x000000006fdef000 	D:\SoftWeareForCode\jre\bin\server\jvm.dll
0x000007fef6030000 - 0x000007fef6039000 	C:\Windows\system32\WSOCK32.dll
0x000007feff1f0000 - 0x000007feff23d000 	C:\Windows\system32\WS2_32.dll
0x000007fefda60000 - 0x000007fefda68000 	C:\Windows\system32\NSI.dll
0x000007fef8a00000 - 0x000007fef8a3b000 	C:\Windows\system32\WINMM.dll
0x0000000077370000 - 0x0000000077377000 	C:\Windows\system32\PSAPI.DLL
0x0000000072ff0000 - 0x0000000072fff000 	D:\SoftWeareForCode\jre\bin\verify.dll
0x0000000072f00000 - 0x0000000072f28000 	D:\SoftWeareForCode\jre\bin\java.dll
0x0000000072fd0000 - 0x0000000072fe5000 	D:\SoftWeareForCode\jre\bin\zip.dll

VM Arguments:
jvm_args: -Dfile.encoding=UTF-8 -Xbootclasspath:D:\SoftWare\SDK\sdk\platforms\android-18\android.jar 
java_command: com.young.business.TestBusiness
Launcher Type: SUN_STANDARD

Environment Variables:
JAVA_HOME=D:\SoftWeareForCode\JDK7
CLASSPATH=.;D:\SoftWeareForCode\JDK7\lib\dt.jar;D:\SoftWeareForCode\JDK7\lib\tools.jar;D:\SoftWeareForCode\apache-tomcat-8.0.0-RC5\lib\servlet-api.jar;
PATH=C:\Windows\system32;C:\Windows;C:\Windows\System32\Wbem;C:\Windows\System32\WindowsPowerShell\v1.0\;D:\SoftWeareForCode\JDK7\bin;
USERNAME=litao
OS=Windows_NT
PROCESSOR_IDENTIFIER=Intel64 Family 6 Model 42 Stepping 7, GenuineIntel



---------------  S Y S T E M  ---------------

OS: Windows 7 , 64 bit Build 7601 Service Pack 1

CPU:total 2 (2 cores per cpu, 1 threads per core) family 6 model 42 stepping 7, cmov, cx8, fxsr, mmx, sse, sse2, sse3, ssse3, sse4.1, sse4.2, popcnt, tsc, tscinvbit

Memory: 4k page, physical 4042608k(834384k free), swap 8083352k(3345252k free)

vm_info: Java HotSpot(TM) 64-Bit Server VM (23.7-b01) for windows-amd64 JRE (1.7.0_15-b03), built on Feb 15 2013 13:43:57 by "java_re" with unknown MS VC++:1600

time: Thu Nov 07 15:15:25 2013
elapsed time: 0 seconds

