#
# A fatal error has been detected by the Java Runtime Environment:
#
#  Internal Error (javaClasses.cpp:136), pid=3944, tid=5172
#  fatal error: Invalid layout of preloaded class
#
# JRE version:  (7.0_40-b43) (build )
# Java VM: Java HotSpot(TM) 64-Bit Server VM (24.0-b56 mixed mode windows-amd64 compressed oops)
# Failed to write core dump. Minidumps are not enabled by default on client versions of Windows
#
# If you would like to submit a bug report, please visit:
#   http://bugreport.sun.com/bugreport/crash.jsp
#

---------------  T H R E A D  ---------------

Current thread (0x00000000028a2800):  JavaThread "Unknown thread" [_thread_in_vm, id=5172, stack(0x0000000002790000,0x0000000002890000)]

Stack: [0x0000000002790000,0x0000000002890000]

---------------  P R O C E S S  ---------------

Java Threads: ( => current thread )

Other Threads:

=>0x00000000028a2800 (exited) JavaThread "Unknown thread" [_thread_in_vm, id=5172, stack(0x0000000002790000,0x0000000002890000)]

VM state:not at safepoint (not fully initialized)

VM Mutex/Monitor currently owned by a thread: None

GC Heap History (0 events):
No events

Deoptimization events (0 events):
No events

Internal exceptions (0 events):
No events

Events (10 events):
Event: 0.051 loading class 0x00000000028e4e50 done
Event: 0.052 loading class 0x00000000028e4870 done
Event: 0.052 loading class 0x00000000028e4850
Event: 0.052 loading class 0x00000000028ec950
Event: 0.052 loading class 0x00000000028ec950 done
Event: 0.052 loading class 0x00000000028ec980
Event: 0.052 loading class 0x00000000028ec980 done
Event: 0.053 loading class 0x00000000028ec9b0
Event: 0.053 loading class 0x00000000028ec9b0 done
Event: 0.054 loading class 0x00000000028e4850 done


Dynamic libraries:
0x000007f7ae120000 - 0x000007f7ae153000 	D:\Program Files\Java\jre7\bin\javaw.exe
0x000007f9ae8b0000 - 0x000007f9aea6e000 	C:\Windows\SYSTEM32\ntdll.dll
0x000007f9ad480000 - 0x000007f9ad5b6000 	C:\Windows\system32\KERNEL32.DLL
0x000007f9ab890000 - 0x000007f9ab983000 	C:\Windows\system32\KERNELBASE.dll
0x000007f9acfd0000 - 0x000007f9ad0ae000 	C:\Windows\system32\ADVAPI32.dll
0x000007f9ac2a0000 - 0x000007f9ac3ec000 	C:\Windows\system32\USER32.dll
0x000007f9a9650000 - 0x000007f9a98b9000 	C:\Windows\WinSxS\amd64_microsoft.windows.common-controls_6595b64144ccf1df_6.0.9200.16384_none_418c2a697189c07f\COMCTL32.dll
0x000007f9acac0000 - 0x000007f9acb65000 	C:\Windows\system32\msvcrt.dll
0x000007f9acb80000 - 0x000007f9acbc8000 	C:\Windows\SYSTEM32\sechost.dll
0x000007f9ac670000 - 0x000007f9ac7b5000 	C:\Windows\system32\RPCRT4.dll
0x000007f9ad0b0000 - 0x000007f9ad1f1000 	C:\Windows\system32\GDI32.dll
0x000007f9abdb0000 - 0x000007f9abde9000 	C:\Windows\system32\IMM32.DLL
0x000007f9ac550000 - 0x000007f9ac665000 	C:\Windows\system32\MSCTF.dll
0x000007f9ab7a0000 - 0x000007f9ab7a8000 	C:\PROGRA~2\NVIDIA~2\3DVISI~1\NVSTIN~1.DLL
0x000007f9ac000000 - 0x000007f9ac007000 	C:\Windows\system32\PSAPI.DLL
0x0000000064e40000 - 0x0000000064ee3000 	C:\Windows\WinSxS\amd64_microsoft.vc90.crt_1fc8b3b9a1e18e3b_9.0.30729.6871_none_08e717a5a83adddf\MSVCR90.dll
0x0000000064140000 - 0x0000000064211000 	D:\Program Files\Java\jre7\bin\msvcr100.dll
0x0000000063070000 - 0x0000000063839000 	D:\Program Files\Java\jre7\bin\server\jvm.dll
0x000007f9a9460000 - 0x000007f9a9469000 	C:\Windows\SYSTEM32\WSOCK32.dll
0x000007f9a4b10000 - 0x000007f9a4b30000 	C:\Windows\SYSTEM32\WINMM.dll
0x000007f9abdf0000 - 0x000007f9abe48000 	C:\Windows\system32\WS2_32.dll
0x000007f9a4ad0000 - 0x000007f9a4b03000 	C:\Windows\SYSTEM32\WINMMBASE.dll
0x000007f9abff0000 - 0x000007f9abff9000 	C:\Windows\system32\NSI.dll
0x000007f9abc50000 - 0x000007f9abc9f000 	C:\Windows\SYSTEM32\cfgmgr32.dll
0x000007f9abb70000 - 0x000007f9abb92000 	C:\Windows\system32\DEVOBJ.dll
0x0000000064130000 - 0x000000006413f000 	D:\Program Files\Java\jre7\bin\verify.dll
0x0000000064100000 - 0x0000000064128000 	D:\Program Files\Java\jre7\bin\java.dll
0x00000000640e0000 - 0x00000000640f5000 	D:\Program Files\Java\jre7\bin\zip.dll

VM Arguments:
jvm_args: -Dfile.encoding=UTF-8 -Xbootclasspath:D:\android-sdk\sdk\platforms\android-18\android.jar 
java_command: com.young.business.TestBusiness
Launcher Type: SUN_STANDARD

Environment Variables:
JAVA_HOME=D:\Program Files\Java\jdk1.7.0_40
PATH=D:\oracle\product\11.2.0\dbhome_2\bin;C:\Program Files (x86)\Common Files\NetSarang;C:\Program Files (x86)\NVIDIA Corporation\PhysX\Common;C:\Windows\system32;C:\Windows;C:\Windows\System32\Wbem;C:\Windows\System32\WindowsPowerShell\v1.0\;D:\Program Files (x86)\phpStudy\MySQL\bin;D:\Program Files\TortoiseSVN\bin;D:\Program Files\Java\jdk1.7.0_40\bin;D:\Program Files\Java\jdk1.7.0_40\bin;D:\oracle\product\11.2.0\dbhome_2\bin;C:\Program Files (x86)\Common Files\NetSarang;C:\Program Files (x86)\NVIDIA Corporation\PhysX\Common;C:\Windows\system32;C:\Windows;C:\Windows\System32\Wbem;C:\Windows\System32\WindowsPowerShell\v1.0\;D:\Program Files (x86)\phpStudy\MySQL\bin;D:\Program Files\TortoiseSVN\bin;D:\Program Files\Java\jdk1.7.0_40\bin;D:\Program Files\Java\jdk1.7.0_40\bin;D:\oracle\product\11.2.0\dbhome_2\bin;C:\Program Files (x86)\Common Files\NetSarang;C:\Program Files (x86)\NVIDIA Corporation\PhysX\Common;C:\Windows\system32;C:\Windows;C:\Windows\System32\Wbem;C:\Windows\System32\WindowsPowerShell\v1.0\;D:\Program Files (x86)\phpStudy\MySQL\bin;D:\Program Files\TortoiseSVN\bin;D:\Program Files\Java\jdk1.7.0_40\bin;D:\Program Files\Java\jdk1.7.0_40\bin;C:\Windows\System32;D:\Program Files\TortoiseSVN\bin;D:\Program Files (x86)\Subversion\bin;G:\JavaPlugins\apache-maven-3.1.1-bin\apache-maven-3.1.1\bin;D:\MongoDB;D:\android-sdk\sdk\tools;D:\Program Files (x86)\Git\bin;D:\android-ndk-r9c;;D:\Program Files\TortoiseSVN\bin;D:\Program Files (x86)\Subversion\bin;G:\JavaPlugins\apache-maven-3.1.1-bin\apache-maven-3.1.1\bin;D:\MongoDB;D:\android-sdk\sdk\tools;D:\Program Files (x86)\Git\bin;D:\android-ndk-r9c;;D:\Program Files\TortoiseSVN\bin;D:\Program Files (x86)\Subversion\bin;G:\JavaPlugins\apache-maven-3.1.1-bin\apache-maven-3.1.1\bin;D:\MongoDB;D:\android-sdk\sdk\tools;D:\Program Files (x86)\Git\bin;D:\android-ndk-r9c;
USERNAME=–€Œ∞
OS=Windows_NT
PROCESSOR_IDENTIFIER=Intel64 Family 6 Model 37 Stepping 5, GenuineIntel



---------------  S Y S T E M  ---------------

OS: Windows 8 , 64 bit Build 9200 

CPU:total 4 (2 cores per cpu, 2 threads per core) family 6 model 37 stepping 5, cmov, cx8, fxsr, mmx, sse, sse2, sse3, ssse3, sse4.1, sse4.2, popcnt, ht, tsc, tscinvbit

Memory: 4k page, physical 6149996k(2654504k free), swap 6674284k(1886540k free)

vm_info: Java HotSpot(TM) 64-Bit Server VM (24.0-b56) for windows-amd64 JRE (1.7.0_40-b43), built on Aug 26 2013 22:38:32 by "java_re" with unknown MS VC++:1600

time: Tue Feb 25 20:23:32 2014
elapsed time: 0 seconds

